Arguments: 
  /usr/bin/node /usr/share/yarn/bin/yarn.js add react-spispinners

PATH: 
  /home/eimich/.local/bin:/usr/local/sbin:/usr/local/bin:/usr/sbin:/usr/bin:/sbin:/bin:/usr/games:/usr/local/games:/snap/bin:/usr/lib/jvm/java-8-oracle/bin:/usr/lib/jvm/java-8-oracle/db/bin:/usr/lib/jvm/java-8-oracle/jre/bin

Yarn version: 
  1.22.15

Node version: 
  14.18.1

Platform: 
  linux x64

Trace: 
  Error: https://registry.yarnpkg.com/react-spispinners: Not found
      at Request.params.callback [as _callback] (/usr/share/yarn/lib/cli.js:67031:18)
      at Request.self.callback (/usr/share/yarn/lib/cli.js:140885:22)
      at Request.emit (events.js:400:28)
      at Request.<anonymous> (/usr/share/yarn/lib/cli.js:141857:10)
      at Request.emit (events.js:400:28)
      at IncomingMessage.<anonymous> (/usr/share/yarn/lib/cli.js:141779:12)
      at Object.onceWrapper (events.js:519:28)
      at IncomingMessage.emit (events.js:412:35)
      at endReadableNT (internal/streams/readable.js:1334:12)
      at processTicksAndRejections (internal/process/task_queues.js:82:21)

npm manifest: 
  {
    "name": "react_web_gans_app",
    "version": "0.1.0",
    "private": true,
    "dependencies": {
      "@testing-library/jest-dom": "^5.11.9",
      "@testing-library/react": "^11.2.3",
      "@testing-library/user-event": "^12.6.2",
      "axios": "^0.24.0",
      "cors": "^2.8.5",
      "python-shell": "^3.0.0",
      "react": "^17.0.1",
      "react-dom": "^17.0.1",
      "react-icons": "^4.2.0",
      "react-player": "^2.9.0",
      "react-router-dom": "^5.2.0",
      "react-scripts": "4.0.1",
      "react-video-js-player": "^1.1.1",
      "web-vitals": "^0.2.4"
    },
    "scripts": {
      "start": "react-scripts start",
      "start-api": "cd api && venv/bin/flask run --no-debugger",
      "build": "react-scripts build",
      "test": "react-scripts test",
      "eject": "react-scripts eject"
    },
    "eslintConfig": {
      "extends": [
        "react-app",
        "react-app/jest"
      ]
    },
    "browserslist": {
      "production": [
        ">0.2%",
        "not dead",
        "not op_mini all"
      ],
      "development": [
        "last 1 chrome version",
        "last 1 firefox version",
        "last 1 safari version"
      ]
    },
    "proxy": "http://localhost:8000"
  }

yarn manifest: 
  No manifest

Lockfile: 
  No lockfile
